<?xml version="1.0" encoding="UTF-8"?>
<!-- Generated by org.testng.reporters.JUnitReportReporter -->
<testsuite hostname="DESKTOP-3SCMPI9" failures="0" tests="1" name="com.BellatrixProject.Pages.HomePage" time="11.032" errors="0" timestamp="2023-10-29T00:31:37 GMT-07:00" skipped="0">
  <testcase classname="com.BellatrixProject.Pages.HomePage" name="m2" time="11.032"/>
  <system-out/>
</testsuite> <!-- com.BellatrixProject.Pages.HomePage -->
